2023:03:06 00:05:41.457 [restartedMain] [INFO] [c.s.eCommerce.ECommerceApplication]-Starting ECommerceApplication using Java 17.0.3.1 on LAPTOP-EE8JJED3 with PID 10888 (D:\Projects\eCommerce\target\classes started by hp in D:\Projects\eCommerce)
2023:03:06 00:05:41.462 [restartedMain] [INFO] [c.s.eCommerce.ECommerceApplication]-No active profile set, falling back to 1 default profile: "default"
2023:03:06 00:05:41.500 [restartedMain] [INFO] [o.s.b.d.e.DevToolsPropertyDefaultsPostProcessor]-Devtools property defaults active! Set 'spring.devtools.add-properties' to 'false' to disable
2023:03:06 00:05:41.500 [restartedMain] [INFO] [o.s.b.d.e.DevToolsPropertyDefaultsPostProcessor]-For additional web related logging consider setting the 'logging.level.web' property to 'DEBUG'
2023:03:06 00:05:42.604 [restartedMain] [INFO] [o.s.b.w.e.tomcat.TomcatWebServer]-Tomcat initialized with port(s): 9393 (http)
2023:03:06 00:05:42.665 [restartedMain] [INFO] [o.s.b.w.s.c.ServletWebServerApplicationContext]-Root WebApplicationContext: initialization completed in 1160 ms
2023:03:06 00:05:44.514 [restartedMain] [WARN] [o.s.b.a.o.j.JpaBaseConfiguration$JpaWebConfiguration]-spring.jpa.open-in-view is enabled by default. Therefore, database queries may be performed during view rendering. Explicitly configure spring.jpa.open-in-view to disable this warning
2023:03:06 00:05:44.815 [restartedMain] [INFO] [o.s.b.d.a.OptionalLiveReloadServer]-LiveReload server is running on port 35729
2023:03:06 00:05:44.845 [restartedMain] [INFO] [o.s.b.w.e.tomcat.TomcatWebServer]-Tomcat started on port(s): 9393 (http) with context path ''
2023:03:06 00:05:44.853 [restartedMain] [INFO] [c.s.eCommerce.ECommerceApplication]-Started ECommerceApplication in 3.645 seconds (JVM running for 4.076)
2023:03:06 00:06:18.473 [http-nio-9393-exec-5] [INFO] [c.s.e.controller.ProductController]-Start : downloadImageOfProduct() started from ProductController
2023:03:06 00:06:18.473 [http-nio-9393-exec-5] [INFO] [c.s.e.serviceImpl.ProductServiceImpl]-Start : getSingleProduct() started from ProductServiceImpl
2023:03:06 00:06:18.510 [http-nio-9393-exec-5] [INFO] [c.s.e.serviceImpl.ProductServiceImpl]-Complete : getSingleProduct() completed from ProductServiceImpl 
2023:03:06 00:06:18.510 [http-nio-9393-exec-5] [INFO] [c.s.e.serviceImpl.FileUploadImpl]-Start : getResource() started from FileUploadImpl
2023:03:06 00:09:07.843 [restartedMain] [INFO] [c.s.eCommerce.ECommerceApplication]-Starting ECommerceApplication using Java 17.0.3.1 on LAPTOP-EE8JJED3 with PID 10020 (D:\Projects\eCommerce\target\classes started by hp in D:\Projects\eCommerce)
2023:03:06 00:09:07.844 [restartedMain] [INFO] [c.s.eCommerce.ECommerceApplication]-No active profile set, falling back to 1 default profile: "default"
2023:03:06 00:09:07.887 [restartedMain] [INFO] [o.s.b.d.e.DevToolsPropertyDefaultsPostProcessor]-Devtools property defaults active! Set 'spring.devtools.add-properties' to 'false' to disable
2023:03:06 00:09:07.888 [restartedMain] [INFO] [o.s.b.d.e.DevToolsPropertyDefaultsPostProcessor]-For additional web related logging consider setting the 'logging.level.web' property to 'DEBUG'
2023:03:06 00:09:08.984 [restartedMain] [INFO] [o.s.b.w.e.tomcat.TomcatWebServer]-Tomcat initialized with port(s): 9393 (http)
2023:03:06 00:09:09.053 [restartedMain] [INFO] [o.s.b.w.s.c.ServletWebServerApplicationContext]-Root WebApplicationContext: initialization completed in 1164 ms
2023:03:06 00:09:10.880 [restartedMain] [WARN] [o.s.b.a.o.j.JpaBaseConfiguration$JpaWebConfiguration]-spring.jpa.open-in-view is enabled by default. Therefore, database queries may be performed during view rendering. Explicitly configure spring.jpa.open-in-view to disable this warning
2023:03:06 00:09:11.156 [restartedMain] [INFO] [o.s.b.d.a.OptionalLiveReloadServer]-LiveReload server is running on port 35729
2023:03:06 00:09:11.185 [restartedMain] [INFO] [o.s.b.w.e.tomcat.TomcatWebServer]-Tomcat started on port(s): 9393 (http) with context path ''
2023:03:06 00:09:11.192 [restartedMain] [INFO] [c.s.eCommerce.ECommerceApplication]-Started ECommerceApplication in 3.599 seconds (JVM running for 4.048)
2023:03:06 00:09:17.767 [http-nio-9393-exec-1] [INFO] [c.s.e.controller.ProductController]-Start : downloadImageOfProduct() started from ProductController
2023:03:06 00:09:17.767 [http-nio-9393-exec-1] [INFO] [c.s.e.serviceImpl.ProductServiceImpl]-Start : getSingleProduct() started from ProductServiceImpl
2023:03:06 00:09:17.842 [http-nio-9393-exec-1] [INFO] [c.s.e.serviceImpl.ProductServiceImpl]-Complete : getSingleProduct() completed from ProductServiceImpl 
2023:03:06 00:09:17.842 [http-nio-9393-exec-1] [INFO] [c.s.e.serviceImpl.FileUploadImpl]-Start : getResource() started from FileUploadImpl
2023:03:06 00:09:55.790 [http-nio-9393-exec-4] [INFO] [c.s.e.controller.ProductController]-Start : downloadImageOfProduct() started from ProductController
2023:03:06 00:09:55.790 [http-nio-9393-exec-4] [INFO] [c.s.e.serviceImpl.ProductServiceImpl]-Start : getSingleProduct() started from ProductServiceImpl
2023:03:06 00:09:55.795 [http-nio-9393-exec-4] [INFO] [c.s.e.serviceImpl.ProductServiceImpl]-Complete : getSingleProduct() completed from ProductServiceImpl 
2023:03:06 00:09:55.795 [http-nio-9393-exec-4] [INFO] [c.s.e.serviceImpl.FileUploadImpl]-Start : getResource() started from FileUploadImpl
2023:03:06 00:10:18.850 [http-nio-9393-exec-6] [INFO] [c.s.e.controller.ProductController]-Start : downloadImageOfProduct() started from ProductController
2023:03:06 00:10:18.850 [http-nio-9393-exec-6] [INFO] [c.s.e.serviceImpl.ProductServiceImpl]-Start : getSingleProduct() started from ProductServiceImpl
2023:03:06 00:10:18.866 [http-nio-9393-exec-6] [INFO] [c.s.e.serviceImpl.ProductServiceImpl]-Complete : getSingleProduct() completed from ProductServiceImpl 
2023:03:06 00:10:18.866 [http-nio-9393-exec-6] [INFO] [c.s.e.serviceImpl.FileUploadImpl]-Start : getResource() started from FileUploadImpl
2023:03:06 00:11:13.974 [http-nio-9393-exec-8] [INFO] [c.s.e.controller.ProductController]-Start : downloadImageOfProduct() started from ProductController
2023:03:06 00:11:13.974 [http-nio-9393-exec-8] [INFO] [c.s.e.serviceImpl.ProductServiceImpl]-Start : getSingleProduct() started from ProductServiceImpl
2023:03:06 00:11:13.977 [http-nio-9393-exec-8] [INFO] [c.s.e.serviceImpl.ProductServiceImpl]-Complete : getSingleProduct() completed from ProductServiceImpl 
2023:03:06 00:11:13.977 [http-nio-9393-exec-8] [INFO] [c.s.e.serviceImpl.FileUploadImpl]-Start : getResource() started from FileUploadImpl
2023:03:06 00:11:13.977 [http-nio-9393-exec-8] [INFO] [c.s.e.serviceImpl.FileUploadImpl]-Complete : getResource() completed from FileUploadImpl
2023:03:06 00:11:13.987 [http-nio-9393-exec-8] [INFO] [c.s.e.controller.ProductController]-Complete : downloadImageOfProduct() completed from ProductController
2023:03:06 00:11:27.868 [http-nio-9393-exec-9] [INFO] [c.s.e.controller.ProductController]-Start : downloadImageOfProduct() started from ProductController
2023:03:06 00:11:27.868 [http-nio-9393-exec-9] [INFO] [c.s.e.serviceImpl.ProductServiceImpl]-Start : getSingleProduct() started from ProductServiceImpl
2023:03:06 00:11:27.873 [http-nio-9393-exec-9] [INFO] [c.s.e.serviceImpl.ProductServiceImpl]-Complete : getSingleProduct() completed from ProductServiceImpl 
2023:03:06 00:11:27.873 [http-nio-9393-exec-9] [INFO] [c.s.e.serviceImpl.FileUploadImpl]-Start : getResource() started from FileUploadImpl
2023:03:06 00:11:39.339 [http-nio-9393-exec-2] [INFO] [c.s.e.controller.ProductController]-Start : downloadImageOfProduct() started from ProductController
2023:03:06 00:11:39.339 [http-nio-9393-exec-2] [INFO] [c.s.e.serviceImpl.ProductServiceImpl]-Start : getSingleProduct() started from ProductServiceImpl
2023:03:06 00:11:39.344 [http-nio-9393-exec-2] [INFO] [c.s.e.serviceImpl.ProductServiceImpl]-Complete : getSingleProduct() completed from ProductServiceImpl 
2023:03:06 00:11:39.344 [http-nio-9393-exec-2] [INFO] [c.s.e.serviceImpl.FileUploadImpl]-Start : getResource() started from FileUploadImpl
2023:03:06 00:11:39.344 [http-nio-9393-exec-2] [INFO] [c.s.e.serviceImpl.FileUploadImpl]-Complete : getResource() completed from FileUploadImpl
2023:03:06 00:11:39.346 [http-nio-9393-exec-2] [INFO] [c.s.e.controller.ProductController]-Complete : downloadImageOfProduct() completed from ProductController
2023:03:06 00:11:56.584 [http-nio-9393-exec-1] [INFO] [c.s.e.controller.ProductController]-Start : downloadImageOfProduct() started from ProductController
2023:03:06 00:11:56.584 [http-nio-9393-exec-1] [INFO] [c.s.e.serviceImpl.ProductServiceImpl]-Start : getSingleProduct() started from ProductServiceImpl
2023:03:06 00:11:56.588 [http-nio-9393-exec-1] [INFO] [c.s.e.serviceImpl.ProductServiceImpl]-Complete : getSingleProduct() completed from ProductServiceImpl 
2023:03:06 00:11:56.588 [http-nio-9393-exec-1] [INFO] [c.s.e.serviceImpl.FileUploadImpl]-Start : getResource() started from FileUploadImpl
2023:03:06 00:11:56.589 [http-nio-9393-exec-1] [INFO] [c.s.e.serviceImpl.FileUploadImpl]-Complete : getResource() completed from FileUploadImpl
2023:03:06 00:11:56.589 [http-nio-9393-exec-1] [INFO] [c.s.e.controller.ProductController]-Complete : downloadImageOfProduct() completed from ProductController
2023:03:06 00:12:01.301 [http-nio-9393-exec-3] [INFO] [c.s.e.controller.ProductController]-Start : downloadImageOfProduct() started from ProductController
2023:03:06 00:12:01.301 [http-nio-9393-exec-3] [INFO] [c.s.e.serviceImpl.ProductServiceImpl]-Start : getSingleProduct() started from ProductServiceImpl
2023:03:06 00:12:01.307 [http-nio-9393-exec-3] [INFO] [c.s.e.serviceImpl.ProductServiceImpl]-Complete : getSingleProduct() completed from ProductServiceImpl 
2023:03:06 00:12:01.307 [http-nio-9393-exec-3] [INFO] [c.s.e.serviceImpl.FileUploadImpl]-Start : getResource() started from FileUploadImpl
2023:03:06 00:13:58.070 [http-nio-9393-exec-6] [INFO] [c.s.e.controller.ProductController]-Start : downloadImageOfProduct() started from ProductController
2023:03:06 00:13:58.071 [http-nio-9393-exec-6] [INFO] [c.s.e.serviceImpl.ProductServiceImpl]-Start : getSingleProduct() started from ProductServiceImpl
2023:03:06 00:13:58.076 [http-nio-9393-exec-6] [INFO] [c.s.e.serviceImpl.ProductServiceImpl]-Complete : getSingleProduct() completed from ProductServiceImpl 
2023:03:06 00:13:58.076 [http-nio-9393-exec-6] [INFO] [c.s.e.serviceImpl.FileUploadImpl]-Start : getResource() started from FileUploadImpl
2023:03:06 00:13:58.076 [http-nio-9393-exec-6] [INFO] [c.s.e.serviceImpl.FileUploadImpl]-Complete : getResource() completed from FileUploadImpl
2023:03:06 00:13:58.077 [http-nio-9393-exec-6] [INFO] [c.s.e.controller.ProductController]-Complete : downloadImageOfProduct() completed from ProductController
2023:03:06 00:15:40.455 [http-nio-9393-exec-10] [INFO] [c.s.e.controller.ProductController]-Start : uploadImageOfProduct() statred from ProductController
2023:03:06 00:15:40.455 [http-nio-9393-exec-10] [INFO] [c.s.e.serviceImpl.ProductServiceImpl]-Start : getSingleProduct() started from ProductServiceImpl
2023:03:06 00:15:40.459 [http-nio-9393-exec-10] [INFO] [c.s.e.serviceImpl.ProductServiceImpl]-Complete : getSingleProduct() completed from ProductServiceImpl 
2023:03:06 00:15:40.460 [http-nio-9393-exec-10] [INFO] [c.s.e.serviceImpl.FileUploadImpl]-Start : uploadFile() started from FileUploadImpl
2023:03:06 00:16:03.227 [http-nio-9393-exec-1] [INFO] [c.s.e.controller.ProductController]-Start : uploadImageOfProduct() statred from ProductController
2023:03:06 00:16:03.227 [http-nio-9393-exec-1] [INFO] [c.s.e.serviceImpl.ProductServiceImpl]-Start : getSingleProduct() started from ProductServiceImpl
2023:03:06 00:16:03.230 [http-nio-9393-exec-1] [INFO] [c.s.e.serviceImpl.ProductServiceImpl]-Complete : getSingleProduct() completed from ProductServiceImpl 
2023:03:06 00:16:03.231 [http-nio-9393-exec-1] [INFO] [c.s.e.serviceImpl.FileUploadImpl]-Start : uploadFile() started from FileUploadImpl
2023:03:06 00:16:03.231 [http-nio-9393-exec-1] [INFO] [c.s.e.serviceImpl.FileUploadImpl]-Complete : uploadFile() completed from FileUploadImpl
2023:03:06 00:16:03.231 [http-nio-9393-exec-1] [INFO] [c.s.e.serviceImpl.ProductServiceImpl]-Start : updateProduct() started from ProductServiceImpl
2023:03:06 00:16:03.265 [http-nio-9393-exec-1] [INFO] [c.s.e.serviceImpl.ProductServiceImpl]-Complete : updateProduct() completed from ProductServiceImpl
2023:03:06 00:16:03.265 [http-nio-9393-exec-1] [INFO] [c.s.e.controller.ProductController]-Complete : uploadImageOfProduct() completed from ProductController
2023:03:06 00:16:16.096 [http-nio-9393-exec-3] [INFO] [c.s.e.controller.ProductController]-Start : uploadImageOfProduct() statred from ProductController
2023:03:06 00:16:16.096 [http-nio-9393-exec-3] [INFO] [c.s.e.serviceImpl.ProductServiceImpl]-Start : getSingleProduct() started from ProductServiceImpl
2023:03:06 00:16:16.099 [http-nio-9393-exec-3] [INFO] [c.s.e.serviceImpl.ProductServiceImpl]-Complete : getSingleProduct() completed from ProductServiceImpl 
2023:03:06 00:16:16.099 [http-nio-9393-exec-3] [INFO] [c.s.e.serviceImpl.FileUploadImpl]-Start : uploadFile() started from FileUploadImpl
2023:03:06 00:16:35.500 [http-nio-9393-exec-5] [INFO] [c.s.e.controller.ProductController]-Start : uploadImageOfProduct() statred from ProductController
2023:03:06 00:16:35.500 [http-nio-9393-exec-5] [INFO] [c.s.e.serviceImpl.ProductServiceImpl]-Start : getSingleProduct() started from ProductServiceImpl
2023:03:06 00:16:35.504 [http-nio-9393-exec-5] [INFO] [c.s.e.serviceImpl.ProductServiceImpl]-Complete : getSingleProduct() completed from ProductServiceImpl 
2023:03:06 00:16:35.504 [http-nio-9393-exec-5] [INFO] [c.s.e.serviceImpl.FileUploadImpl]-Start : uploadFile() started from FileUploadImpl
2023:03:06 00:16:35.505 [http-nio-9393-exec-5] [INFO] [c.s.e.serviceImpl.FileUploadImpl]-Complete : uploadFile() completed from FileUploadImpl
2023:03:06 00:16:35.505 [http-nio-9393-exec-5] [INFO] [c.s.e.serviceImpl.ProductServiceImpl]-Start : updateProduct() started from ProductServiceImpl
2023:03:06 00:16:35.510 [http-nio-9393-exec-5] [INFO] [c.s.e.serviceImpl.ProductServiceImpl]-Complete : updateProduct() completed from ProductServiceImpl
2023:03:06 00:16:35.510 [http-nio-9393-exec-5] [INFO] [c.s.e.controller.ProductController]-Complete : uploadImageOfProduct() completed from ProductController
2023:03:06 00:16:51.144 [http-nio-9393-exec-6] [INFO] [c.s.e.controller.ProductController]-Start : downloadImageOfProduct() started from ProductController
2023:03:06 00:16:51.144 [http-nio-9393-exec-6] [INFO] [c.s.e.serviceImpl.ProductServiceImpl]-Start : getSingleProduct() started from ProductServiceImpl
2023:03:06 00:16:51.152 [http-nio-9393-exec-6] [INFO] [c.s.e.serviceImpl.ProductServiceImpl]-Complete : getSingleProduct() completed from ProductServiceImpl 
2023:03:06 00:16:51.152 [http-nio-9393-exec-6] [INFO] [c.s.e.serviceImpl.FileUploadImpl]-Start : getResource() started from FileUploadImpl
2023:03:06 00:16:51.153 [http-nio-9393-exec-6] [INFO] [c.s.e.serviceImpl.FileUploadImpl]-Complete : getResource() completed from FileUploadImpl
2023:03:06 00:16:51.153 [http-nio-9393-exec-6] [INFO] [c.s.e.controller.ProductController]-Complete : downloadImageOfProduct() completed from ProductController
2023:03:06 00:16:57.503 [http-nio-9393-exec-7] [INFO] [c.s.e.controller.ProductController]-Start : downloadImageOfProduct() started from ProductController
2023:03:06 00:16:57.503 [http-nio-9393-exec-7] [INFO] [c.s.e.serviceImpl.ProductServiceImpl]-Start : getSingleProduct() started from ProductServiceImpl
2023:03:06 00:16:57.508 [http-nio-9393-exec-7] [INFO] [c.s.e.serviceImpl.ProductServiceImpl]-Complete : getSingleProduct() completed from ProductServiceImpl 
2023:03:06 00:16:57.508 [http-nio-9393-exec-7] [INFO] [c.s.e.serviceImpl.FileUploadImpl]-Start : getResource() started from FileUploadImpl
2023:03:06 00:16:57.508 [http-nio-9393-exec-7] [INFO] [c.s.e.serviceImpl.FileUploadImpl]-Complete : getResource() completed from FileUploadImpl
2023:03:06 00:16:57.509 [http-nio-9393-exec-7] [INFO] [c.s.e.controller.ProductController]-Complete : downloadImageOfProduct() completed from ProductController
2023:03:06 00:17:13.100 [http-nio-9393-exec-8] [INFO] [c.s.e.controller.ProductController]-Start : downloadImageOfProduct() started from ProductController
2023:03:06 00:17:13.101 [http-nio-9393-exec-8] [INFO] [c.s.e.serviceImpl.ProductServiceImpl]-Start : getSingleProduct() started from ProductServiceImpl
2023:03:06 00:17:13.105 [http-nio-9393-exec-8] [INFO] [c.s.e.serviceImpl.ProductServiceImpl]-Complete : getSingleProduct() completed from ProductServiceImpl 
2023:03:06 00:17:13.105 [http-nio-9393-exec-8] [INFO] [c.s.e.serviceImpl.FileUploadImpl]-Start : getResource() started from FileUploadImpl
2023:03:06 00:17:19.593 [http-nio-9393-exec-9] [INFO] [c.s.e.controller.ProductController]-Start : downloadImageOfProduct() started from ProductController
2023:03:06 00:17:19.593 [http-nio-9393-exec-9] [INFO] [c.s.e.serviceImpl.ProductServiceImpl]-Start : getSingleProduct() started from ProductServiceImpl
2023:03:06 00:17:19.599 [http-nio-9393-exec-9] [INFO] [c.s.e.serviceImpl.ProductServiceImpl]-Complete : getSingleProduct() completed from ProductServiceImpl 
2023:03:06 00:17:19.599 [http-nio-9393-exec-9] [INFO] [c.s.e.serviceImpl.FileUploadImpl]-Start : getResource() started from FileUploadImpl
2023:03:06 00:17:19.599 [http-nio-9393-exec-9] [INFO] [c.s.e.serviceImpl.FileUploadImpl]-Complete : getResource() completed from FileUploadImpl
2023:03:06 00:17:19.601 [http-nio-9393-exec-9] [INFO] [c.s.e.controller.ProductController]-Complete : downloadImageOfProduct() completed from ProductController
2023:03:06 00:17:34.483 [http-nio-9393-exec-1] [INFO] [c.s.e.controller.ProductController]-Start : downloadImageOfProduct() started from ProductController
2023:03:06 00:17:34.483 [http-nio-9393-exec-1] [INFO] [c.s.e.serviceImpl.ProductServiceImpl]-Start : getSingleProduct() started from ProductServiceImpl
2023:03:06 00:17:34.487 [http-nio-9393-exec-1] [INFO] [c.s.e.serviceImpl.ProductServiceImpl]-Complete : getSingleProduct() completed from ProductServiceImpl 
2023:03:06 00:17:34.487 [http-nio-9393-exec-1] [INFO] [c.s.e.serviceImpl.FileUploadImpl]-Start : getResource() started from FileUploadImpl
2023:03:06 00:17:34.487 [http-nio-9393-exec-1] [INFO] [c.s.e.serviceImpl.FileUploadImpl]-Complete : getResource() completed from FileUploadImpl
2023:03:06 00:17:34.488 [http-nio-9393-exec-1] [INFO] [c.s.e.controller.ProductController]-Complete : downloadImageOfProduct() completed from ProductController
2023:03:06 00:20:10.464 [restartedMain] [INFO] [c.s.eCommerce.ECommerceApplication]-Starting ECommerceApplication using Java 17.0.3.1 on LAPTOP-EE8JJED3 with PID 11844 (D:\Projects\eCommerce\target\classes started by hp in D:\Projects\eCommerce)
2023:03:06 00:20:10.465 [restartedMain] [INFO] [c.s.eCommerce.ECommerceApplication]-No active profile set, falling back to 1 default profile: "default"
2023:03:06 00:20:10.500 [restartedMain] [INFO] [o.s.b.d.e.DevToolsPropertyDefaultsPostProcessor]-Devtools property defaults active! Set 'spring.devtools.add-properties' to 'false' to disable
2023:03:06 00:20:10.500 [restartedMain] [INFO] [o.s.b.d.e.DevToolsPropertyDefaultsPostProcessor]-For additional web related logging consider setting the 'logging.level.web' property to 'DEBUG'
2023:03:06 00:20:11.612 [restartedMain] [INFO] [o.s.b.w.e.tomcat.TomcatWebServer]-Tomcat initialized with port(s): 9393 (http)
2023:03:06 00:20:11.683 [restartedMain] [INFO] [o.s.b.w.s.c.ServletWebServerApplicationContext]-Root WebApplicationContext: initialization completed in 1183 ms
2023:03:06 00:20:13.533 [restartedMain] [WARN] [o.s.b.a.o.j.JpaBaseConfiguration$JpaWebConfiguration]-spring.jpa.open-in-view is enabled by default. Therefore, database queries may be performed during view rendering. Explicitly configure spring.jpa.open-in-view to disable this warning
2023:03:06 00:20:13.813 [restartedMain] [INFO] [o.s.b.d.a.OptionalLiveReloadServer]-LiveReload server is running on port 35729
2023:03:06 00:20:13.842 [restartedMain] [INFO] [o.s.b.w.e.tomcat.TomcatWebServer]-Tomcat started on port(s): 9393 (http) with context path ''
2023:03:06 00:20:13.850 [restartedMain] [INFO] [c.s.eCommerce.ECommerceApplication]-Started ECommerceApplication in 3.651 seconds (JVM running for 4.089)
2023:03:06 00:20:55.247 [http-nio-9393-exec-1] [INFO] [c.s.e.controller.ProductController]-Start : uploadImageOfProduct() statred from ProductController
2023:03:06 00:20:55.247 [http-nio-9393-exec-1] [INFO] [c.s.e.serviceImpl.ProductServiceImpl]-Start : getSingleProduct() started from ProductServiceImpl
2023:03:06 00:20:55.344 [http-nio-9393-exec-1] [INFO] [c.s.e.serviceImpl.ProductServiceImpl]-Complete : getSingleProduct() completed from ProductServiceImpl 
2023:03:06 00:20:55.345 [http-nio-9393-exec-1] [INFO] [c.s.e.serviceImpl.FileUploadImpl]-Start : uploadFile() started from FileUploadImpl
2023:03:06 00:20:55.352 [http-nio-9393-exec-1] [INFO] [c.s.e.serviceImpl.FileUploadImpl]-Complete : uploadFile() completed from FileUploadImpl
2023:03:06 00:20:55.352 [http-nio-9393-exec-1] [INFO] [c.s.e.serviceImpl.ProductServiceImpl]-Start : updateProduct() started from ProductServiceImpl
2023:03:06 00:20:55.416 [http-nio-9393-exec-1] [INFO] [c.s.e.serviceImpl.ProductServiceImpl]-Complete : updateProduct() completed from ProductServiceImpl
2023:03:06 00:20:55.416 [http-nio-9393-exec-1] [INFO] [c.s.e.controller.ProductController]-Complete : uploadImageOfProduct() completed from ProductController
2023:03:06 00:21:05.156 [http-nio-9393-exec-3] [INFO] [c.s.e.controller.ProductController]-Start : uploadImageOfProduct() statred from ProductController
2023:03:06 00:21:05.156 [http-nio-9393-exec-3] [INFO] [c.s.e.serviceImpl.ProductServiceImpl]-Start : getSingleProduct() started from ProductServiceImpl
2023:03:06 00:21:05.159 [http-nio-9393-exec-3] [INFO] [c.s.e.serviceImpl.ProductServiceImpl]-Complete : getSingleProduct() completed from ProductServiceImpl 
2023:03:06 00:21:05.159 [http-nio-9393-exec-3] [INFO] [c.s.e.serviceImpl.FileUploadImpl]-Start : uploadFile() started from FileUploadImpl
2023:03:06 00:21:05.169 [http-nio-9393-exec-3] [INFO] [c.s.e.serviceImpl.FileUploadImpl]-Complete : uploadFile() completed from FileUploadImpl
2023:03:06 00:21:05.169 [http-nio-9393-exec-3] [INFO] [c.s.e.serviceImpl.ProductServiceImpl]-Start : updateProduct() started from ProductServiceImpl
2023:03:06 00:21:05.176 [http-nio-9393-exec-3] [INFO] [c.s.e.serviceImpl.ProductServiceImpl]-Complete : updateProduct() completed from ProductServiceImpl
2023:03:06 00:21:05.176 [http-nio-9393-exec-3] [INFO] [c.s.e.controller.ProductController]-Complete : uploadImageOfProduct() completed from ProductController
2023:03:06 00:21:15.498 [http-nio-9393-exec-4] [INFO] [c.s.e.controller.ProductController]-Start : downloadImageOfProduct() started from ProductController
2023:03:06 00:21:15.498 [http-nio-9393-exec-4] [INFO] [c.s.e.serviceImpl.ProductServiceImpl]-Start : getSingleProduct() started from ProductServiceImpl
2023:03:06 00:21:15.502 [http-nio-9393-exec-4] [INFO] [c.s.e.serviceImpl.ProductServiceImpl]-Complete : getSingleProduct() completed from ProductServiceImpl 
2023:03:06 00:21:15.503 [http-nio-9393-exec-4] [INFO] [c.s.e.serviceImpl.FileUploadImpl]-Start : getResource() started from FileUploadImpl
2023:03:06 00:21:15.503 [http-nio-9393-exec-4] [INFO] [c.s.e.serviceImpl.FileUploadImpl]-Complete : getResource() completed from FileUploadImpl
2023:03:06 00:21:15.505 [http-nio-9393-exec-4] [INFO] [c.s.e.controller.ProductController]-Complete : downloadImageOfProduct() completed from ProductController
2023:03:06 00:21:23.421 [http-nio-9393-exec-5] [INFO] [c.s.e.controller.ProductController]-Start : downloadImageOfProduct() started from ProductController
2023:03:06 00:21:23.421 [http-nio-9393-exec-5] [INFO] [c.s.e.serviceImpl.ProductServiceImpl]-Start : getSingleProduct() started from ProductServiceImpl
2023:03:06 00:21:23.426 [http-nio-9393-exec-5] [INFO] [c.s.e.serviceImpl.ProductServiceImpl]-Complete : getSingleProduct() completed from ProductServiceImpl 
2023:03:06 00:21:23.427 [http-nio-9393-exec-5] [INFO] [c.s.e.serviceImpl.FileUploadImpl]-Start : getResource() started from FileUploadImpl
2023:03:06 00:21:35.184 [http-nio-9393-exec-7] [INFO] [c.s.e.controller.ProductController]-Start : downloadImageOfProduct() started from ProductController
2023:03:06 00:21:35.184 [http-nio-9393-exec-7] [INFO] [c.s.e.serviceImpl.ProductServiceImpl]-Start : getSingleProduct() started from ProductServiceImpl
2023:03:06 00:21:35.187 [http-nio-9393-exec-7] [INFO] [c.s.e.serviceImpl.ProductServiceImpl]-Complete : getSingleProduct() completed from ProductServiceImpl 
2023:03:06 00:21:35.188 [http-nio-9393-exec-7] [INFO] [c.s.e.serviceImpl.FileUploadImpl]-Start : getResource() started from FileUploadImpl
2023:03:06 00:21:35.188 [http-nio-9393-exec-7] [INFO] [c.s.e.serviceImpl.FileUploadImpl]-Complete : getResource() completed from FileUploadImpl
2023:03:06 00:21:35.189 [http-nio-9393-exec-7] [INFO] [c.s.e.controller.ProductController]-Complete : downloadImageOfProduct() completed from ProductController
2023:03:06 00:24:52.678 [restartedMain] [INFO] [c.s.eCommerce.ECommerceApplication]-Starting ECommerceApplication using Java 17.0.3.1 on LAPTOP-EE8JJED3 with PID 14784 (D:\Projects\eCommerce\target\classes started by hp in D:\Projects\eCommerce)
2023:03:06 00:24:52.679 [restartedMain] [INFO] [c.s.eCommerce.ECommerceApplication]-No active profile set, falling back to 1 default profile: "default"
2023:03:06 00:24:52.718 [restartedMain] [INFO] [o.s.b.d.e.DevToolsPropertyDefaultsPostProcessor]-Devtools property defaults active! Set 'spring.devtools.add-properties' to 'false' to disable
2023:03:06 00:24:52.718 [restartedMain] [INFO] [o.s.b.d.e.DevToolsPropertyDefaultsPostProcessor]-For additional web related logging consider setting the 'logging.level.web' property to 'DEBUG'
2023:03:06 00:24:53.811 [restartedMain] [INFO] [o.s.b.w.e.tomcat.TomcatWebServer]-Tomcat initialized with port(s): 9393 (http)
2023:03:06 00:24:53.878 [restartedMain] [INFO] [o.s.b.w.s.c.ServletWebServerApplicationContext]-Root WebApplicationContext: initialization completed in 1159 ms
2023:03:06 00:24:55.711 [restartedMain] [WARN] [o.s.b.a.o.j.JpaBaseConfiguration$JpaWebConfiguration]-spring.jpa.open-in-view is enabled by default. Therefore, database queries may be performed during view rendering. Explicitly configure spring.jpa.open-in-view to disable this warning
2023:03:06 00:24:55.987 [restartedMain] [INFO] [o.s.b.d.a.OptionalLiveReloadServer]-LiveReload server is running on port 35729
2023:03:06 00:24:56.014 [restartedMain] [INFO] [o.s.b.w.e.tomcat.TomcatWebServer]-Tomcat started on port(s): 9393 (http) with context path ''
2023:03:06 00:24:56.022 [restartedMain] [INFO] [c.s.eCommerce.ECommerceApplication]-Started ECommerceApplication in 3.598 seconds (JVM running for 4.039)
2023:03:06 00:25:05.861 [http-nio-9393-exec-1] [INFO] [c.s.e.controller.ProductController]-Start : downloadImageOfProduct() started from ProductController
2023:03:06 00:25:05.861 [http-nio-9393-exec-1] [INFO] [c.s.e.serviceImpl.ProductServiceImpl]-Start : getSingleProduct() started from ProductServiceImpl
2023:03:06 00:25:05.925 [http-nio-9393-exec-1] [INFO] [c.s.e.serviceImpl.ProductServiceImpl]-Complete : getSingleProduct() completed from ProductServiceImpl 
2023:03:06 00:25:05.926 [http-nio-9393-exec-1] [INFO] [c.s.e.serviceImpl.FileUploadImpl]-Start : getResource() started from FileUploadImpl
2023:03:06 00:25:05.926 [http-nio-9393-exec-1] [INFO] [c.s.e.serviceImpl.FileUploadImpl]-Complete : getResource() completed from FileUploadImpl
2023:03:06 00:25:05.930 [http-nio-9393-exec-1] [INFO] [c.s.e.controller.ProductController]-Complete : downloadImageOfProduct() completed from ProductController
2023:03:06 00:25:10.451 [http-nio-9393-exec-3] [INFO] [c.s.e.controller.ProductController]-Start : downloadImageOfProduct() started from ProductController
2023:03:06 00:25:10.452 [http-nio-9393-exec-3] [INFO] [c.s.e.serviceImpl.ProductServiceImpl]-Start : getSingleProduct() started from ProductServiceImpl
2023:03:06 00:25:10.461 [http-nio-9393-exec-3] [INFO] [c.s.e.serviceImpl.ProductServiceImpl]-Complete : getSingleProduct() completed from ProductServiceImpl 
2023:03:06 00:25:10.461 [http-nio-9393-exec-3] [INFO] [c.s.e.serviceImpl.FileUploadImpl]-Start : getResource() started from FileUploadImpl
2023:03:06 00:31:01.123 [restartedMain] [INFO] [c.s.eCommerce.ECommerceApplication]-Starting ECommerceApplication using Java 17.0.3.1 on LAPTOP-EE8JJED3 with PID 6812 (D:\Projects\eCommerce\target\classes started by hp in D:\Projects\eCommerce)
2023:03:06 00:31:01.125 [restartedMain] [INFO] [c.s.eCommerce.ECommerceApplication]-No active profile set, falling back to 1 default profile: "default"
2023:03:06 00:31:01.165 [restartedMain] [INFO] [o.s.b.d.e.DevToolsPropertyDefaultsPostProcessor]-Devtools property defaults active! Set 'spring.devtools.add-properties' to 'false' to disable
2023:03:06 00:31:01.165 [restartedMain] [INFO] [o.s.b.d.e.DevToolsPropertyDefaultsPostProcessor]-For additional web related logging consider setting the 'logging.level.web' property to 'DEBUG'
2023:03:06 00:31:02.249 [restartedMain] [INFO] [o.s.b.w.e.tomcat.TomcatWebServer]-Tomcat initialized with port(s): 9393 (http)
2023:03:06 00:31:02.316 [restartedMain] [INFO] [o.s.b.w.s.c.ServletWebServerApplicationContext]-Root WebApplicationContext: initialization completed in 1150 ms
2023:03:06 00:31:04.127 [restartedMain] [WARN] [o.s.b.a.o.j.JpaBaseConfiguration$JpaWebConfiguration]-spring.jpa.open-in-view is enabled by default. Therefore, database queries may be performed during view rendering. Explicitly configure spring.jpa.open-in-view to disable this warning
2023:03:06 00:31:04.415 [restartedMain] [INFO] [o.s.b.d.a.OptionalLiveReloadServer]-LiveReload server is running on port 35729
2023:03:06 00:31:04.444 [restartedMain] [INFO] [o.s.b.w.e.tomcat.TomcatWebServer]-Tomcat started on port(s): 9393 (http) with context path ''
2023:03:06 00:31:04.453 [restartedMain] [INFO] [c.s.eCommerce.ECommerceApplication]-Started ECommerceApplication in 3.568 seconds (JVM running for 4.01)
2023:03:06 00:31:14.053 [http-nio-9393-exec-2] [INFO] [c.s.e.controller.ProductController]-Start : downloadImageOfProduct() started from ProductController
2023:03:06 00:31:14.053 [http-nio-9393-exec-2] [INFO] [c.s.e.serviceImpl.ProductServiceImpl]-Start : getSingleProduct() started from ProductServiceImpl
2023:03:06 00:31:14.131 [http-nio-9393-exec-2] [INFO] [c.s.e.serviceImpl.ProductServiceImpl]-Complete : getSingleProduct() completed from ProductServiceImpl 
2023:03:06 00:31:14.132 [http-nio-9393-exec-2] [INFO] [c.s.e.serviceImpl.FileUploadImpl]-Start : getResource() started from FileUploadImpl
2023:03:06 00:32:53.640 [restartedMain] [INFO] [c.s.eCommerce.ECommerceApplication]-Starting ECommerceApplication using Java 17.0.3.1 on LAPTOP-EE8JJED3 with PID 22428 (D:\Projects\eCommerce\target\classes started by hp in D:\Projects\eCommerce)
2023:03:06 00:32:53.642 [restartedMain] [INFO] [c.s.eCommerce.ECommerceApplication]-No active profile set, falling back to 1 default profile: "default"
2023:03:06 00:32:53.685 [restartedMain] [INFO] [o.s.b.d.e.DevToolsPropertyDefaultsPostProcessor]-Devtools property defaults active! Set 'spring.devtools.add-properties' to 'false' to disable
2023:03:06 00:32:53.685 [restartedMain] [INFO] [o.s.b.d.e.DevToolsPropertyDefaultsPostProcessor]-For additional web related logging consider setting the 'logging.level.web' property to 'DEBUG'
2023:03:06 00:32:54.805 [restartedMain] [INFO] [o.s.b.w.e.tomcat.TomcatWebServer]-Tomcat initialized with port(s): 9393 (http)
2023:03:06 00:32:54.876 [restartedMain] [INFO] [o.s.b.w.s.c.ServletWebServerApplicationContext]-Root WebApplicationContext: initialization completed in 1190 ms
2023:03:06 00:32:56.719 [restartedMain] [WARN] [o.s.b.a.o.j.JpaBaseConfiguration$JpaWebConfiguration]-spring.jpa.open-in-view is enabled by default. Therefore, database queries may be performed during view rendering. Explicitly configure spring.jpa.open-in-view to disable this warning
2023:03:06 00:32:57.010 [restartedMain] [INFO] [o.s.b.d.a.OptionalLiveReloadServer]-LiveReload server is running on port 35729
2023:03:06 00:32:57.037 [restartedMain] [INFO] [o.s.b.w.e.tomcat.TomcatWebServer]-Tomcat started on port(s): 9393 (http) with context path ''
2023:03:06 00:32:57.054 [restartedMain] [INFO] [c.s.eCommerce.ECommerceApplication]-Started ECommerceApplication in 3.669 seconds (JVM running for 4.099)
2023:03:06 00:33:02.591 [http-nio-9393-exec-3] [INFO] [c.s.e.controller.ProductController]-Start : uploadImageOfProduct() statred from ProductController
2023:03:06 00:33:02.591 [http-nio-9393-exec-3] [INFO] [c.s.e.serviceImpl.ProductServiceImpl]-Start : getSingleProduct() started from ProductServiceImpl
2023:03:06 00:33:02.657 [http-nio-9393-exec-3] [INFO] [c.s.e.serviceImpl.ProductServiceImpl]-Complete : getSingleProduct() completed from ProductServiceImpl 
2023:03:06 00:33:02.658 [http-nio-9393-exec-3] [INFO] [c.s.e.serviceImpl.FileUploadImpl]-Start : uploadFile() started from FileUploadImpl
2023:03:06 00:33:02.668 [http-nio-9393-exec-3] [INFO] [c.s.e.serviceImpl.FileUploadImpl]-Complete : uploadFile() completed from FileUploadImpl
2023:03:06 00:33:02.668 [http-nio-9393-exec-3] [INFO] [c.s.e.serviceImpl.ProductServiceImpl]-Start : updateProduct() started from ProductServiceImpl
2023:03:06 00:33:02.696 [http-nio-9393-exec-3] [INFO] [c.s.e.serviceImpl.ProductServiceImpl]-Complete : updateProduct() completed from ProductServiceImpl
2023:03:06 00:33:02.696 [http-nio-9393-exec-3] [INFO] [c.s.e.controller.ProductController]-Complete : uploadImageOfProduct() completed from ProductController
2023:03:06 00:33:20.901 [http-nio-9393-exec-1] [INFO] [c.s.e.controller.ProductController]-Start : downloadImageOfProduct() started from ProductController
2023:03:06 00:33:20.901 [http-nio-9393-exec-1] [INFO] [c.s.e.serviceImpl.ProductServiceImpl]-Start : getSingleProduct() started from ProductServiceImpl
2023:03:06 00:33:20.904 [http-nio-9393-exec-1] [INFO] [c.s.e.serviceImpl.ProductServiceImpl]-Complete : getSingleProduct() completed from ProductServiceImpl 
2023:03:06 00:33:20.905 [http-nio-9393-exec-1] [INFO] [c.s.e.serviceImpl.FileUploadImpl]-Start : getResource() started from FileUploadImpl
2023:03:06 00:33:20.905 [http-nio-9393-exec-1] [INFO] [c.s.e.serviceImpl.FileUploadImpl]-Complete : getResource() completed from FileUploadImpl
2023:03:06 00:33:20.906 [http-nio-9393-exec-1] [INFO] [c.s.e.controller.ProductController]-Complete : downloadImageOfProduct() completed from ProductController
2023:03:06 00:33:50.151 [http-nio-9393-exec-4] [INFO] [c.s.e.controller.ProductController]-Start : uploadImageOfProduct() statred from ProductController
2023:03:06 00:33:50.151 [http-nio-9393-exec-4] [INFO] [c.s.e.serviceImpl.ProductServiceImpl]-Start : getSingleProduct() started from ProductServiceImpl
2023:03:06 00:33:50.155 [http-nio-9393-exec-4] [INFO] [c.s.e.serviceImpl.ProductServiceImpl]-Complete : getSingleProduct() completed from ProductServiceImpl 
2023:03:06 00:33:50.155 [http-nio-9393-exec-4] [INFO] [c.s.e.serviceImpl.FileUploadImpl]-Start : uploadFile() started from FileUploadImpl
2023:03:06 00:33:50.156 [http-nio-9393-exec-4] [INFO] [c.s.e.serviceImpl.FileUploadImpl]-Complete : uploadFile() completed from FileUploadImpl
2023:03:06 00:33:50.156 [http-nio-9393-exec-4] [INFO] [c.s.e.serviceImpl.ProductServiceImpl]-Start : updateProduct() started from ProductServiceImpl
2023:03:06 00:33:50.168 [http-nio-9393-exec-4] [INFO] [c.s.e.serviceImpl.ProductServiceImpl]-Complete : updateProduct() completed from ProductServiceImpl
2023:03:06 00:33:50.168 [http-nio-9393-exec-4] [INFO] [c.s.e.controller.ProductController]-Complete : uploadImageOfProduct() completed from ProductController
2023:03:06 00:33:59.107 [http-nio-9393-exec-5] [INFO] [c.s.e.controller.ProductController]-Start : downloadImageOfProduct() started from ProductController
2023:03:06 00:33:59.107 [http-nio-9393-exec-5] [INFO] [c.s.e.serviceImpl.ProductServiceImpl]-Start : getSingleProduct() started from ProductServiceImpl
2023:03:06 00:33:59.111 [http-nio-9393-exec-5] [INFO] [c.s.e.serviceImpl.ProductServiceImpl]-Complete : getSingleProduct() completed from ProductServiceImpl 
2023:03:06 00:33:59.111 [http-nio-9393-exec-5] [INFO] [c.s.e.serviceImpl.FileUploadImpl]-Start : getResource() started from FileUploadImpl
2023:03:06 00:33:59.111 [http-nio-9393-exec-5] [INFO] [c.s.e.serviceImpl.FileUploadImpl]-Complete : getResource() completed from FileUploadImpl
2023:03:06 00:33:59.112 [http-nio-9393-exec-5] [INFO] [c.s.e.controller.ProductController]-Complete : downloadImageOfProduct() completed from ProductController
2023:03:06 00:34:09.552 [http-nio-9393-exec-6] [INFO] [c.s.e.controller.ProductController]-Start : downloadImageOfProduct() started from ProductController
2023:03:06 00:34:09.552 [http-nio-9393-exec-6] [INFO] [c.s.e.serviceImpl.ProductServiceImpl]-Start : getSingleProduct() started from ProductServiceImpl
2023:03:06 00:34:09.556 [http-nio-9393-exec-6] [INFO] [c.s.e.serviceImpl.ProductServiceImpl]-Complete : getSingleProduct() completed from ProductServiceImpl 
2023:03:06 00:34:09.556 [http-nio-9393-exec-6] [INFO] [c.s.e.serviceImpl.FileUploadImpl]-Start : getResource() started from FileUploadImpl
2023:03:06 00:34:09.556 [http-nio-9393-exec-6] [INFO] [c.s.e.serviceImpl.FileUploadImpl]-Complete : getResource() completed from FileUploadImpl
2023:03:06 00:34:09.557 [http-nio-9393-exec-6] [INFO] [c.s.e.controller.ProductController]-Complete : downloadImageOfProduct() completed from ProductController
2023:03:06 00:34:16.235 [http-nio-9393-exec-9] [INFO] [c.s.e.controller.ProductController]-Start : downloadImageOfProduct() started from ProductController
2023:03:06 00:34:16.235 [http-nio-9393-exec-9] [INFO] [c.s.e.serviceImpl.ProductServiceImpl]-Start : getSingleProduct() started from ProductServiceImpl
2023:03:06 00:34:25.976 [http-nio-9393-exec-3] [INFO] [c.s.e.controller.ProductController]-Start : downloadImageOfProduct() started from ProductController
2023:03:06 00:34:25.976 [http-nio-9393-exec-3] [INFO] [c.s.e.serviceImpl.ProductServiceImpl]-Start : getSingleProduct() started from ProductServiceImpl
2023:03:06 00:34:25.981 [http-nio-9393-exec-3] [INFO] [c.s.e.serviceImpl.ProductServiceImpl]-Complete : getSingleProduct() completed from ProductServiceImpl 
2023:03:06 00:34:25.981 [http-nio-9393-exec-3] [INFO] [c.s.e.serviceImpl.FileUploadImpl]-Start : getResource() started from FileUploadImpl
2023:03:06 00:34:25.982 [http-nio-9393-exec-3] [INFO] [c.s.e.serviceImpl.FileUploadImpl]-Complete : getResource() completed from FileUploadImpl
2023:03:06 00:34:25.983 [http-nio-9393-exec-3] [INFO] [c.s.e.controller.ProductController]-Complete : downloadImageOfProduct() completed from ProductController
2023:03:06 00:54:41.951 [restartedMain] [INFO] [c.s.eCommerce.ECommerceApplication]-Starting ECommerceApplication using Java 17.0.3.1 on LAPTOP-EE8JJED3 with PID 18964 (D:\Projects\eCommerce\target\classes started by hp in D:\Projects\eCommerce)
2023:03:06 00:54:41.952 [restartedMain] [INFO] [c.s.eCommerce.ECommerceApplication]-No active profile set, falling back to 1 default profile: "default"
2023:03:06 00:54:41.995 [restartedMain] [INFO] [o.s.b.d.e.DevToolsPropertyDefaultsPostProcessor]-Devtools property defaults active! Set 'spring.devtools.add-properties' to 'false' to disable
2023:03:06 00:54:41.996 [restartedMain] [INFO] [o.s.b.d.e.DevToolsPropertyDefaultsPostProcessor]-For additional web related logging consider setting the 'logging.level.web' property to 'DEBUG'
2023:03:06 00:54:43.159 [restartedMain] [INFO] [o.s.b.w.e.tomcat.TomcatWebServer]-Tomcat initialized with port(s): 9393 (http)
2023:03:06 00:54:43.229 [restartedMain] [INFO] [o.s.b.w.s.c.ServletWebServerApplicationContext]-Root WebApplicationContext: initialization completed in 1233 ms
2023:03:06 00:54:45.118 [restartedMain] [WARN] [o.s.b.a.o.j.JpaBaseConfiguration$JpaWebConfiguration]-spring.jpa.open-in-view is enabled by default. Therefore, database queries may be performed during view rendering. Explicitly configure spring.jpa.open-in-view to disable this warning
2023:03:06 00:54:45.424 [restartedMain] [INFO] [o.s.b.d.a.OptionalLiveReloadServer]-LiveReload server is running on port 35729
2023:03:06 00:54:45.459 [restartedMain] [INFO] [o.s.b.w.e.tomcat.TomcatWebServer]-Tomcat started on port(s): 9393 (http) with context path ''
2023:03:06 00:54:45.468 [restartedMain] [INFO] [c.s.eCommerce.ECommerceApplication]-Started ECommerceApplication in 3.762 seconds (JVM running for 4.194)
2023:03:06 00:55:42.656 [http-nio-9393-exec-1] [INFO] [c.s.e.controller.ProductController]-Start : downloadImageOfProduct() started from ProductController
2023:03:06 00:55:42.656 [http-nio-9393-exec-1] [INFO] [c.s.e.serviceImpl.ProductServiceImpl]-Start : getSingleProduct() started from ProductServiceImpl
2023:03:06 00:55:42.742 [http-nio-9393-exec-1] [INFO] [c.s.e.serviceImpl.ProductServiceImpl]-Complete : getSingleProduct() completed from ProductServiceImpl 
2023:03:06 00:55:42.743 [http-nio-9393-exec-1] [INFO] [c.s.e.serviceImpl.FileUploadImpl]-Start : deleteFile() started from FileUploadImpl
2023:03:06 00:55:42.744 [http-nio-9393-exec-1] [INFO] [c.s.e.serviceImpl.FileUploadImpl]-Complete : deleteFile() completed from FileUploadImpl
2023:03:06 00:55:42.744 [http-nio-9393-exec-1] [INFO] [c.s.e.controller.ProductController]-Complete : downloadImageOfProduct() completed from ProductController
2023:03:06 00:56:22.418 [http-nio-9393-exec-3] [INFO] [c.s.e.controller.ProductController]-Start : downloadImageOfProduct() started from ProductController
2023:03:06 00:56:22.418 [http-nio-9393-exec-3] [INFO] [c.s.e.serviceImpl.ProductServiceImpl]-Start : getSingleProduct() started from ProductServiceImpl
2023:03:06 00:56:22.422 [http-nio-9393-exec-3] [INFO] [c.s.e.serviceImpl.ProductServiceImpl]-Complete : getSingleProduct() completed from ProductServiceImpl 
2023:03:06 00:56:22.422 [http-nio-9393-exec-3] [INFO] [c.s.e.serviceImpl.FileUploadImpl]-Start : deleteFile() started from FileUploadImpl
2023:03:06 00:56:22.423 [http-nio-9393-exec-3] [INFO] [c.s.e.serviceImpl.FileUploadImpl]-Complete : deleteFile() completed from FileUploadImpl
2023:03:06 00:56:22.423 [http-nio-9393-exec-3] [INFO] [c.s.e.controller.ProductController]-Complete : downloadImageOfProduct() completed from ProductController
2023:03:06 14:16:00.526 [restartedMain] [INFO] [c.s.eCommerce.ECommerceApplication]-Starting ECommerceApplication using Java 17.0.3.1 on LAPTOP-EE8JJED3 with PID 3804 (D:\Projects\eCommerce\target\classes started by hp in D:\Projects\eCommerce)
2023:03:06 14:16:00.527 [restartedMain] [INFO] [c.s.eCommerce.ECommerceApplication]-No active profile set, falling back to 1 default profile: "default"
2023:03:06 14:16:00.595 [restartedMain] [INFO] [o.s.b.d.e.DevToolsPropertyDefaultsPostProcessor]-Devtools property defaults active! Set 'spring.devtools.add-properties' to 'false' to disable
2023:03:06 14:16:00.595 [restartedMain] [INFO] [o.s.b.d.e.DevToolsPropertyDefaultsPostProcessor]-For additional web related logging consider setting the 'logging.level.web' property to 'DEBUG'
2023:03:06 14:16:02.295 [restartedMain] [INFO] [o.s.b.w.e.tomcat.TomcatWebServer]-Tomcat initialized with port(s): 9393 (http)
2023:03:06 14:16:02.406 [restartedMain] [INFO] [o.s.b.w.s.c.ServletWebServerApplicationContext]-Root WebApplicationContext: initialization completed in 1810 ms
2023:03:06 14:16:05.241 [restartedMain] [WARN] [o.s.b.a.o.j.JpaBaseConfiguration$JpaWebConfiguration]-spring.jpa.open-in-view is enabled by default. Therefore, database queries may be performed during view rendering. Explicitly configure spring.jpa.open-in-view to disable this warning
2023:03:06 14:16:05.597 [restartedMain] [INFO] [o.s.b.d.a.OptionalLiveReloadServer]-LiveReload server is running on port 35729
2023:03:06 14:16:05.631 [restartedMain] [INFO] [o.s.b.w.e.tomcat.TomcatWebServer]-Tomcat started on port(s): 9393 (http) with context path ''
2023:03:06 14:16:05.642 [restartedMain] [INFO] [c.s.eCommerce.ECommerceApplication]-Started ECommerceApplication in 5.513 seconds (JVM running for 6.27)
2023:03:06 14:23:10.676 [restartedMain] [INFO] [c.s.eCommerce.ECommerceApplication]-Starting ECommerceApplication using Java 17.0.3.1 on LAPTOP-EE8JJED3 with PID 6676 (D:\Projects\eCommerce\target\classes started by hp in D:\Projects\eCommerce)
2023:03:06 14:23:10.677 [restartedMain] [INFO] [c.s.eCommerce.ECommerceApplication]-No active profile set, falling back to 1 default profile: "default"
2023:03:06 14:23:10.738 [restartedMain] [INFO] [o.s.b.d.e.DevToolsPropertyDefaultsPostProcessor]-Devtools property defaults active! Set 'spring.devtools.add-properties' to 'false' to disable
2023:03:06 14:23:10.740 [restartedMain] [INFO] [o.s.b.d.e.DevToolsPropertyDefaultsPostProcessor]-For additional web related logging consider setting the 'logging.level.web' property to 'DEBUG'
2023:03:06 14:23:12.370 [restartedMain] [INFO] [o.s.b.w.e.tomcat.TomcatWebServer]-Tomcat initialized with port(s): 9393 (http)
2023:03:06 14:23:12.477 [restartedMain] [INFO] [o.s.b.w.s.c.ServletWebServerApplicationContext]-Root WebApplicationContext: initialization completed in 1737 ms
2023:03:06 14:23:15.287 [restartedMain] [WARN] [o.s.b.a.o.j.JpaBaseConfiguration$JpaWebConfiguration]-spring.jpa.open-in-view is enabled by default. Therefore, database queries may be performed during view rendering. Explicitly configure spring.jpa.open-in-view to disable this warning
2023:03:06 14:23:15.686 [restartedMain] [INFO] [o.s.b.d.a.OptionalLiveReloadServer]-LiveReload server is running on port 35729
2023:03:06 14:23:15.727 [restartedMain] [INFO] [o.s.b.w.e.tomcat.TomcatWebServer]-Tomcat started on port(s): 9393 (http) with context path ''
2023:03:06 14:23:15.737 [restartedMain] [INFO] [c.s.eCommerce.ECommerceApplication]-Started ECommerceApplication in 5.428 seconds (JVM running for 6.101)
2023:03:06 14:23:22.502 [http-nio-9393-exec-2] [INFO] [c.s.e.controller.AuthController]-Start : loginUserByJWT() started from loginUserByJWT
2023:03:06 14:23:22.867 [http-nio-9393-exec-2] [INFO] [c.s.e.controller.AuthController]-Completed : loginUserByJWT() completed from loginUserByJWT
2023:03:06 14:27:14.046 [http-nio-9393-exec-8] [INFO] [c.s.e.controller.AuthController]-Start : loginUserByJWT() started from loginUserByJWT
2023:03:06 14:27:22.546 [http-nio-9393-exec-9] [INFO] [c.s.e.controller.AuthController]-Start : loginUserByJWT() started from loginUserByJWT
2023:03:06 14:27:22.712 [http-nio-9393-exec-9] [INFO] [c.s.e.controller.AuthController]-Completed : loginUserByJWT() completed from loginUserByJWT
2023:03:06 14:28:47.973 [http-nio-9393-exec-2] [INFO] [c.s.e.controller.ProductController]-Start : downloadImageOfProduct() started from ProductController
2023:03:06 14:28:47.973 [http-nio-9393-exec-2] [INFO] [c.s.e.serviceImpl.ProductServiceImpl]-Start : getSingleProduct() started from ProductServiceImpl
2023:03:06 14:28:48.072 [http-nio-9393-exec-2] [INFO] [c.s.e.serviceImpl.ProductServiceImpl]-Complete : getSingleProduct() completed from ProductServiceImpl 
2023:03:06 14:28:48.072 [http-nio-9393-exec-2] [INFO] [c.s.e.serviceImpl.FileUploadImpl]-Start : getResource() started from FileUploadImpl
2023:03:06 14:28:57.164 [http-nio-9393-exec-4] [INFO] [c.s.e.controller.ProductController]-Start : downloadImageOfProduct() started from ProductController
2023:03:06 14:28:57.164 [http-nio-9393-exec-4] [INFO] [c.s.e.serviceImpl.ProductServiceImpl]-Start : getSingleProduct() started from ProductServiceImpl
2023:03:06 14:28:57.172 [http-nio-9393-exec-4] [INFO] [c.s.e.serviceImpl.ProductServiceImpl]-Complete : getSingleProduct() completed from ProductServiceImpl 
2023:03:06 14:28:57.172 [http-nio-9393-exec-4] [INFO] [c.s.e.serviceImpl.FileUploadImpl]-Start : getResource() started from FileUploadImpl
2023:03:06 14:30:06.069 [http-nio-9393-exec-6] [INFO] [c.s.e.controller.ProductController]-Start : downloadImageOfProduct() started from ProductController
2023:03:06 14:30:06.070 [http-nio-9393-exec-6] [INFO] [c.s.e.serviceImpl.ProductServiceImpl]-Start : getSingleProduct() started from ProductServiceImpl
2023:03:06 14:30:06.075 [http-nio-9393-exec-6] [INFO] [c.s.e.serviceImpl.ProductServiceImpl]-Complete : getSingleProduct() completed from ProductServiceImpl 
2023:03:06 14:30:06.075 [http-nio-9393-exec-6] [INFO] [c.s.e.serviceImpl.FileUploadImpl]-Start : getResource() started from FileUploadImpl
2023:03:06 14:30:06.076 [http-nio-9393-exec-6] [INFO] [c.s.e.serviceImpl.FileUploadImpl]-Complete : getResource() completed from FileUploadImpl
2023:03:06 14:30:06.079 [http-nio-9393-exec-6] [INFO] [c.s.e.controller.ProductController]-Complete : downloadImageOfProduct() completed from ProductController
2023:03:06 14:30:22.599 [http-nio-9393-exec-7] [INFO] [c.s.e.controller.ProductController]-Start : downloadImageOfProduct() started from ProductController
2023:03:06 14:30:22.599 [http-nio-9393-exec-7] [INFO] [c.s.e.serviceImpl.ProductServiceImpl]-Start : getSingleProduct() started from ProductServiceImpl
2023:03:06 14:30:22.600 [http-nio-9393-exec-7] [INFO] [c.s.e.serviceImpl.ProductServiceImpl]-Complete : getSingleProduct() completed from ProductServiceImpl 
2023:03:06 14:30:22.600 [http-nio-9393-exec-7] [INFO] [c.s.e.serviceImpl.FileUploadImpl]-Start : getResource() started from FileUploadImpl
2023:03:06 14:30:43.431 [http-nio-9393-exec-9] [INFO] [c.s.e.controller.ProductController]-Start : downloadImageOfProduct() started from ProductController
2023:03:06 14:30:43.431 [http-nio-9393-exec-9] [INFO] [c.s.e.serviceImpl.ProductServiceImpl]-Start : getSingleProduct() started from ProductServiceImpl
2023:03:06 14:30:43.439 [http-nio-9393-exec-9] [INFO] [c.s.e.serviceImpl.ProductServiceImpl]-Complete : getSingleProduct() completed from ProductServiceImpl 
2023:03:06 14:30:43.439 [http-nio-9393-exec-9] [INFO] [c.s.e.serviceImpl.FileUploadImpl]-Start : getResource() started from FileUploadImpl
2023:03:06 14:30:43.439 [http-nio-9393-exec-9] [INFO] [c.s.e.serviceImpl.FileUploadImpl]-Complete : getResource() completed from FileUploadImpl
2023:03:06 14:30:43.447 [http-nio-9393-exec-9] [INFO] [c.s.e.controller.ProductController]-Complete : downloadImageOfProduct() completed from ProductController
2023:03:06 14:30:48.787 [http-nio-9393-exec-10] [INFO] [c.s.e.controller.ProductController]-Start : downloadImageOfProduct() started from ProductController
2023:03:06 14:30:48.787 [http-nio-9393-exec-10] [INFO] [c.s.e.serviceImpl.ProductServiceImpl]-Start : getSingleProduct() started from ProductServiceImpl
2023:03:06 14:30:48.795 [http-nio-9393-exec-10] [INFO] [c.s.e.serviceImpl.ProductServiceImpl]-Complete : getSingleProduct() completed from ProductServiceImpl 
2023:03:06 14:30:48.795 [http-nio-9393-exec-10] [INFO] [c.s.e.serviceImpl.FileUploadImpl]-Start : getResource() started from FileUploadImpl
2023:03:06 14:30:48.795 [http-nio-9393-exec-10] [INFO] [c.s.e.serviceImpl.FileUploadImpl]-Complete : getResource() completed from FileUploadImpl
2023:03:06 14:30:48.795 [http-nio-9393-exec-10] [INFO] [c.s.e.controller.ProductController]-Complete : downloadImageOfProduct() completed from ProductController
2023:03:06 14:32:47.451 [http-nio-9393-exec-3] [INFO] [c.s.e.controller.CartController]-Start : getCartItemById() started from CartController
2023:03:06 14:32:47.451 [http-nio-9393-exec-3] [INFO] [c.s.e.serviceImpl.CartServiceImpl]-Start : getCartById() started from CartServiceImpl
2023:03:06 14:32:47.467 [http-nio-9393-exec-3] [INFO] [c.s.e.serviceImpl.CartServiceImpl]-Complete : getCartById() completed from CartServiceImpl
2023:03:06 14:32:47.491 [http-nio-9393-exec-3] [INFO] [c.s.e.controller.CartController]-Complete : getCartItemById() completed from CartController
